This is pdfTeX, Version 3.14159265-2.6-1.40.16 (TeX Live 2015/Debian) (preloaded format=pdflatex 2016.11.15)  20 MAR 2017 19:47
entering extended mode
 restricted \write18 enabled.
 %&-line parsing enabled.
**main_BA2.0.tex
(./main_BA2.0.tex
LaTeX2e <2016/02/01>
Babel <3.9q> and hyphenation patterns for 81 language(s) loaded.
(/usr/share/texlive/texmf-dist/tex/latex/koma-script/scrartcl.cls
Document Class: scrartcl 2015/10/03 v3.19a KOMA-Script document class (article)

(/usr/share/texlive/texmf-dist/tex/latex/koma-script/scrkbase.sty
Package: scrkbase 2015/10/03 v3.19a KOMA-Script package (KOMA-Script-dependent 
basics and keyval usage)

(/usr/share/texlive/texmf-dist/tex/latex/koma-script/scrbase.sty
Package: scrbase 2015/10/03 v3.19a KOMA-Script package (KOMA-Script-independent
 basics and keyval usage)

(/usr/share/texlive/texmf-dist/tex/latex/graphics/keyval.sty
Package: keyval 2014/10/28 v1.15 key=value parser (DPC)
\KV@toks@=\toks14
)
(/usr/share/texlive/texmf-dist/tex/latex/koma-script/scrlfile.sty
Package: scrlfile 2015/10/03 v3.19a KOMA-Script package (loading files)

Package scrlfile, 2015/10/03 v3.19a KOMA-Script package (loading files)
                  Copyright (C) Markus Kohm

))) (/usr/share/texlive/texmf-dist/tex/latex/koma-script/tocbasic.sty
Package: tocbasic 2015/10/03 v3.19a KOMA-Script package (handling toc-files)
)
Package tocbasic Info: omitting babel extension for `toc'
(tocbasic)             because of feature `nobabel' available
(tocbasic)             for `toc' on input line 123.
Package tocbasic Info: omitting babel extension for `lof'
(tocbasic)             because of feature `nobabel' available
(tocbasic)             for `lof' on input line 124.
Package tocbasic Info: omitting babel extension for `lot'
(tocbasic)             because of feature `nobabel' available
(tocbasic)             for `lot' on input line 125.
Package scrartcl Info: You've used standard option `12pt'.
(scrartcl)             This is correct!
(scrartcl)             Internally I'm using `fontsize=12pt'.
(scrartcl)             If you'd like to set the option with \KOMAoptions,
(scrartcl)             you'd have to use `fontsize=12pt' there
(scrartcl)             instead of `12pt', too.
Class scrartcl Info: File `scrsize12pt.clo' used to setup font sizes on input l
ine 2033.

(/usr/share/texlive/texmf-dist/tex/latex/koma-script/scrsize12pt.clo
File: scrsize12pt.clo 2015/10/03 v3.19a KOMA-Script font size class option (12p
t)
)
(/usr/share/texlive/texmf-dist/tex/latex/koma-script/typearea.sty
Package: typearea 2015/10/03 v3.19a KOMA-Script package (type area)

Package typearea, 2015/10/03 v3.19a KOMA-Script package (type area)
                  Copyright (C) Frank Neukam, 1992-1994
                  Copyright (C) Markus Kohm, 1994-

\ta@bcor=\skip41
\ta@div=\count79
\ta@hblk=\skip42
\ta@vblk=\skip43
\ta@temp=\skip44
\footheight=\skip45
Package typearea Info: These are the values describing the layout:
(typearea)             DIV  = 12
(typearea)             BCOR = 0.0pt
(typearea)             \paperwidth      = 597.50793pt
(typearea)              \textwidth      = 448.13095pt
(typearea)              DIV departure   = -6%
(typearea)              \evensidemargin = 2.4185pt
(typearea)              \oddsidemargin  = 2.4185pt
(typearea)             \paperheight     = 845.04694pt
(typearea)              \textheight     = 635.5pt
(typearea)              \topmargin      = -41.72441pt
(typearea)              \headheight     = 18.125pt
(typearea)              \headsep        = 21.75pt
(typearea)              \topskip        = 12.0pt
(typearea)              \footskip       = 50.75pt
(typearea)              \baselineskip   = 14.5pt
(typearea)              on input line 1509.
)
\c@part=\count80
\c@section=\count81
\c@subsection=\count82
\c@subsubsection=\count83
\c@paragraph=\count84
\c@subparagraph=\count85
LaTeX Info: Redefining \textsubscript on input line 3906.
\abovecaptionskip=\skip46
\belowcaptionskip=\skip47
\c@pti@nb@sid@b@x=\box26
\c@figure=\count86
\c@table=\count87
\bibindent=\dimen102
) (./config_BA2.0.tex
(/usr/share/texlive/texmf-dist/tex/generic/babel/babel.sty
Package: babel 2016/02/24 3.9q The Babel package

(/usr/share/texlive/texmf-dist/tex/generic/babel-english/english.ldf
Language: english 2012/08/20 v3.3p English support from the babel system

(/usr/share/texlive/texmf-dist/tex/generic/babel/babel.def
File: babel.def 2016/02/24 3.9q Babel common definitions
\babel@savecnt=\count88
\U@D=\dimen103
)
\l@canadian = a dialect from \language\l@american 
\l@australian = a dialect from \language\l@british 
\l@newzealand = a dialect from \language\l@british 
))
(/usr/share/texlive/texmf-dist/tex/latex/base/fontenc.sty
Package: fontenc 2005/09/27 v1.99g Standard LaTeX package

(/usr/share/texlive/texmf-dist/tex/latex/base/t1enc.def
File: t1enc.def 2005/09/27 v1.99g Standard LaTeX file
LaTeX Font Info:    Redeclaring font encoding T1 on input line 48.
))
(/usr/share/texlive/texmf-dist/tex/latex/base/inputenc.sty
Package: inputenc 2015/03/17 v1.2c Input encoding file
\inpenc@prehook=\toks15
\inpenc@posthook=\toks16

(/usr/share/texlive/texmf-dist/tex/latex/base/utf8.def
File: utf8.def 2015/12/03 v1.1r UTF-8 support for inputenc
Now handling font encoding OML ...
... no UTF-8 mapping file for font encoding OML
Now handling font encoding T1 ...
... processing UTF-8 mapping file for font encoding T1

(/usr/share/texlive/texmf-dist/tex/latex/base/t1enc.dfu
File: t1enc.dfu 2015/12/03 v1.1r UTF-8 support for inputenc
   defining Unicode char U+00A0 (decimal 160)
   defining Unicode char U+00A1 (decimal 161)
   defining Unicode char U+00A3 (decimal 163)
   defining Unicode char U+00AB (decimal 171)
   defining Unicode char U+00AD (decimal 173)
   defining Unicode char U+00BB (decimal 187)
   defining Unicode char U+00BF (decimal 191)
   defining Unicode char U+00C0 (decimal 192)
   defining Unicode char U+00C1 (decimal 193)
   defining Unicode char U+00C2 (decimal 194)
   defining Unicode char U+00C3 (decimal 195)
   defining Unicode char U+00C4 (decimal 196)
   defining Unicode char U+00C5 (decimal 197)
   defining Unicode char U+00C6 (decimal 198)
   defining Unicode char U+00C7 (decimal 199)
   defining Unicode char U+00C8 (decimal 200)
   defining Unicode char U+00C9 (decimal 201)
   defining Unicode char U+00CA (decimal 202)
   defining Unicode char U+00CB (decimal 203)
   defining Unicode char U+00CC (decimal 204)
   defining Unicode char U+00CD (decimal 205)
   defining Unicode char U+00CE (decimal 206)
   defining Unicode char U+00CF (decimal 207)
   defining Unicode char U+00D0 (decimal 208)
   defining Unicode char U+00D1 (decimal 209)
   defining Unicode char U+00D2 (decimal 210)
   defining Unicode char U+00D3 (decimal 211)
   defining Unicode char U+00D4 (decimal 212)
   defining Unicode char U+00D5 (decimal 213)
   defining Unicode char U+00D6 (decimal 214)
   defining Unicode char U+00D8 (decimal 216)
   defining Unicode char U+00D9 (decimal 217)
   defining Unicode char U+00DA (decimal 218)
   defining Unicode char U+00DB (decimal 219)
   defining Unicode char U+00DC (decimal 220)
   defining Unicode char U+00DD (decimal 221)
   defining Unicode char U+00DE (decimal 222)
   defining Unicode char U+00DF (decimal 223)
   defining Unicode char U+00E0 (decimal 224)
   defining Unicode char U+00E1 (decimal 225)
   defining Unicode char U+00E2 (decimal 226)
   defining Unicode char U+00E3 (decimal 227)
   defining Unicode char U+00E4 (decimal 228)
   defining Unicode char U+00E5 (decimal 229)
   defining Unicode char U+00E6 (decimal 230)
   defining Unicode char U+00E7 (decimal 231)
   defining Unicode char U+00E8 (decimal 232)
   defining Unicode char U+00E9 (decimal 233)
   defining Unicode char U+00EA (decimal 234)
   defining Unicode char U+00EB (decimal 235)
   defining Unicode char U+00EC (decimal 236)
   defining Unicode char U+00ED (decimal 237)
   defining Unicode char U+00EE (decimal 238)
   defining Unicode char U+00EF (decimal 239)
   defining Unicode char U+00F0 (decimal 240)
   defining Unicode char U+00F1 (decimal 241)
   defining Unicode char U+00F2 (decimal 242)
   defining Unicode char U+00F3 (decimal 243)
   defining Unicode char U+00F4 (decimal 244)
   defining Unicode char U+00F5 (decimal 245)
   defining Unicode char U+00F6 (decimal 246)
   defining Unicode char U+00F8 (decimal 248)
   defining Unicode char U+00F9 (decimal 249)
   defining Unicode char U+00FA (decimal 250)
   defining Unicode char U+00FB (decimal 251)
   defining Unicode char U+00FC (decimal 252)
   defining Unicode char U+00FD (decimal 253)
   defining Unicode char U+00FE (decimal 254)
   defining Unicode char U+00FF (decimal 255)
   defining Unicode char U+0100 (decimal 256)
   defining Unicode char U+0101 (decimal 257)
   defining Unicode char U+0102 (decimal 258)
   defining Unicode char U+0103 (decimal 259)
   defining Unicode char U+0104 (decimal 260)
   defining Unicode char U+0105 (decimal 261)
   defining Unicode char U+0106 (decimal 262)
   defining Unicode char U+0107 (decimal 263)
   defining Unicode char U+0108 (decimal 264)
   defining Unicode char U+0109 (decimal 265)
   defining Unicode char U+010A (decimal 266)
   defining Unicode char U+010B (decimal 267)
   defining Unicode char U+010C (decimal 268)
   defining Unicode char U+010D (decimal 269)
   defining Unicode char U+010E (decimal 270)
   defining Unicode char U+010F (decimal 271)
   defining Unicode char U+0110 (decimal 272)
   defining Unicode char U+0111 (decimal 273)
   defining Unicode char U+0112 (decimal 274)
   defining Unicode char U+0113 (decimal 275)
   defining Unicode char U+0114 (decimal 276)
   defining Unicode char U+0115 (decimal 277)
   defining Unicode char U+0116 (decimal 278)
   defining Unicode char U+0117 (decimal 279)
   defining Unicode char U+0118 (decimal 280)
   defining Unicode char U+0119 (decimal 281)
   defining Unicode char U+011A (decimal 282)
   defining Unicode char U+011B (decimal 283)
   defining Unicode char U+011C (decimal 284)
   defining Unicode char U+011D (decimal 285)
   defining Unicode char U+011E (decimal 286)
   defining Unicode char U+011F (decimal 287)
   defining Unicode char U+0120 (decimal 288)
   defining Unicode char U+0121 (decimal 289)
   defining Unicode char U+0122 (decimal 290)
   defining Unicode char U+0123 (decimal 291)
   defining Unicode char U+0124 (decimal 292)
   defining Unicode char U+0125 (decimal 293)
   defining Unicode char U+0128 (decimal 296)
   defining Unicode char U+0129 (decimal 297)
   defining Unicode char U+012A (decimal 298)
   defining Unicode char U+012B (decimal 299)
   defining Unicode char U+012C (decimal 300)
   defining Unicode char U+012D (decimal 301)
   defining Unicode char U+012E (decimal 302)
   defining Unicode char U+012F (decimal 303)
   defining Unicode char U+0130 (decimal 304)
   defining Unicode char U+0131 (decimal 305)
   defining Unicode char U+0132 (decimal 306)
   defining Unicode char U+0133 (decimal 307)
   defining Unicode char U+0134 (decimal 308)
   defining Unicode char U+0135 (decimal 309)
   defining Unicode char U+0136 (decimal 310)
   defining Unicode char U+0137 (decimal 311)
   defining Unicode char U+0139 (decimal 313)
   defining Unicode char U+013A (decimal 314)
   defining Unicode char U+013B (decimal 315)
   defining Unicode char U+013C (decimal 316)
   defining Unicode char U+013D (decimal 317)
   defining Unicode char U+013E (decimal 318)
   defining Unicode char U+0141 (decimal 321)
   defining Unicode char U+0142 (decimal 322)
   defining Unicode char U+0143 (decimal 323)
   defining Unicode char U+0144 (decimal 324)
   defining Unicode char U+0145 (decimal 325)
   defining Unicode char U+0146 (decimal 326)
   defining Unicode char U+0147 (decimal 327)
   defining Unicode char U+0148 (decimal 328)
   defining Unicode char U+014A (decimal 330)
   defining Unicode char U+014B (decimal 331)
   defining Unicode char U+014C (decimal 332)
   defining Unicode char U+014D (decimal 333)
   defining Unicode char U+014E (decimal 334)
   defining Unicode char U+014F (decimal 335)
   defining Unicode char U+0150 (decimal 336)
   defining Unicode char U+0151 (decimal 337)
   defining Unicode char U+0152 (decimal 338)
   defining Unicode char U+0153 (decimal 339)
   defining Unicode char U+0154 (decimal 340)
   defining Unicode char U+0155 (decimal 341)
   defining Unicode char U+0156 (decimal 342)
   defining Unicode char U+0157 (decimal 343)
   defining Unicode char U+0158 (decimal 344)
   defining Unicode char U+0159 (decimal 345)
   defining Unicode char U+015A (decimal 346)
   defining Unicode char U+015B (decimal 347)
   defining Unicode char U+015C (decimal 348)
   defining Unicode char U+015D (decimal 349)
   defining Unicode char U+015E (decimal 350)
   defining Unicode char U+015F (decimal 351)
   defining Unicode char U+0160 (decimal 352)
   defining Unicode char U+0161 (decimal 353)
   defining Unicode char U+0162 (decimal 354)
   defining Unicode char U+0163 (decimal 355)
   defining Unicode char U+0164 (decimal 356)
   defining Unicode char U+0165 (decimal 357)
   defining Unicode char U+0168 (decimal 360)
   defining Unicode char U+0169 (decimal 361)
   defining Unicode char U+016A (decimal 362)
   defining Unicode char U+016B (decimal 363)
   defining Unicode char U+016C (decimal 364)
   defining Unicode char U+016D (decimal 365)
   defining Unicode char U+016E (decimal 366)
   defining Unicode char U+016F (decimal 367)
   defining Unicode char U+0170 (decimal 368)
   defining Unicode char U+0171 (decimal 369)
   defining Unicode char U+0172 (decimal 370)
   defining Unicode char U+0173 (decimal 371)
   defining Unicode char U+0174 (decimal 372)
   defining Unicode char U+0175 (decimal 373)
   defining Unicode char U+0176 (decimal 374)
   defining Unicode char U+0177 (decimal 375)
   defining Unicode char U+0178 (decimal 376)
   defining Unicode char U+0179 (decimal 377)
   defining Unicode char U+017A (decimal 378)
   defining Unicode char U+017B (decimal 379)
   defining Unicode char U+017C (decimal 380)
   defining Unicode char U+017D (decimal 381)
   defining Unicode char U+017E (decimal 382)
   defining Unicode char U+01CD (decimal 461)
   defining Unicode char U+01CE (decimal 462)
   defining Unicode char U+01CF (decimal 463)
   defining Unicode char U+01D0 (decimal 464)
   defining Unicode char U+01D1 (decimal 465)
   defining Unicode char U+01D2 (decimal 466)
   defining Unicode char U+01D3 (decimal 467)
   defining Unicode char U+01D4 (decimal 468)
   defining Unicode char U+01E2 (decimal 482)
   defining Unicode char U+01E3 (decimal 483)
   defining Unicode char U+01E6 (decimal 486)
   defining Unicode char U+01E7 (decimal 487)
   defining Unicode char U+01E8 (decimal 488)
   defining Unicode char U+01E9 (decimal 489)
   defining Unicode char U+01EA (decimal 490)
   defining Unicode char U+01EB (decimal 491)
   defining Unicode char U+01F0 (decimal 496)
   defining Unicode char U+01F4 (decimal 500)
   defining Unicode char U+01F5 (decimal 501)
   defining Unicode char U+0218 (decimal 536)
   defining Unicode char U+0219 (decimal 537)
   defining Unicode char U+021A (decimal 538)
   defining Unicode char U+021B (decimal 539)
   defining Unicode char U+01E02 (decimal 7682)
   defining Unicode char U+01E03 (decimal 7683)
   defining Unicode char U+200C (decimal 8204)
   defining Unicode char U+2013 (decimal 8211)
   defining Unicode char U+2014 (decimal 8212)
   defining Unicode char U+2018 (decimal 8216)
   defining Unicode char U+2019 (decimal 8217)
   defining Unicode char U+201A (decimal 8218)
   defining Unicode char U+201C (decimal 8220)
   defining Unicode char U+201D (decimal 8221)
   defining Unicode char U+201E (decimal 8222)
   defining Unicode char U+2030 (decimal 8240)
   defining Unicode char U+2031 (decimal 8241)
   defining Unicode char U+2039 (decimal 8249)
   defining Unicode char U+203A (decimal 8250)
   defining Unicode char U+2423 (decimal 9251)
)
Now handling font encoding OT1 ...
... processing UTF-8 mapping file for font encoding OT1

(/usr/share/texlive/texmf-dist/tex/latex/base/ot1enc.dfu
File: ot1enc.dfu 2015/12/03 v1.1r UTF-8 support for inputenc
   defining Unicode char U+00A0 (decimal 160)
   defining Unicode char U+00A1 (decimal 161)
   defining Unicode char U+00A3 (decimal 163)
   defining Unicode char U+00AD (decimal 173)
   defining Unicode char U+00B8 (decimal 184)
   defining Unicode char U+00BF (decimal 191)
   defining Unicode char U+00C5 (decimal 197)
   defining Unicode char U+00C6 (decimal 198)
   defining Unicode char U+00D8 (decimal 216)
   defining Unicode char U+00DF (decimal 223)
   defining Unicode char U+00E6 (decimal 230)
   defining Unicode char U+00EC (decimal 236)
   defining Unicode char U+00ED (decimal 237)
   defining Unicode char U+00EE (decimal 238)
   defining Unicode char U+00EF (decimal 239)
   defining Unicode char U+00F8 (decimal 248)
   defining Unicode char U+0131 (decimal 305)
   defining Unicode char U+0141 (decimal 321)
   defining Unicode char U+0142 (decimal 322)
   defining Unicode char U+0152 (decimal 338)
   defining Unicode char U+0153 (decimal 339)
   defining Unicode char U+0174 (decimal 372)
   defining Unicode char U+0175 (decimal 373)
   defining Unicode char U+0176 (decimal 374)
   defining Unicode char U+0177 (decimal 375)
   defining Unicode char U+0218 (decimal 536)
   defining Unicode char U+0219 (decimal 537)
   defining Unicode char U+021A (decimal 538)
   defining Unicode char U+021B (decimal 539)
   defining Unicode char U+2013 (decimal 8211)
   defining Unicode char U+2014 (decimal 8212)
   defining Unicode char U+2018 (decimal 8216)
   defining Unicode char U+2019 (decimal 8217)
   defining Unicode char U+201C (decimal 8220)
   defining Unicode char U+201D (decimal 8221)
)
Now handling font encoding OMS ...
... processing UTF-8 mapping file for font encoding OMS

(/usr/share/texlive/texmf-dist/tex/latex/base/omsenc.dfu
File: omsenc.dfu 2015/12/03 v1.1r UTF-8 support for inputenc
   defining Unicode char U+00A7 (decimal 167)
   defining Unicode char U+00B6 (decimal 182)
   defining Unicode char U+00B7 (decimal 183)
   defining Unicode char U+2020 (decimal 8224)
   defining Unicode char U+2021 (decimal 8225)
   defining Unicode char U+2022 (decimal 8226)
)
Now handling font encoding OMX ...
... no UTF-8 mapping file for font encoding OMX
Now handling font encoding U ...
... no UTF-8 mapping file for font encoding U
   defining Unicode char U+00A9 (decimal 169)
   defining Unicode char U+00AA (decimal 170)
   defining Unicode char U+00AE (decimal 174)
   defining Unicode char U+00BA (decimal 186)
   defining Unicode char U+02C6 (decimal 710)
   defining Unicode char U+02DC (decimal 732)
   defining Unicode char U+200C (decimal 8204)
   defining Unicode char U+2026 (decimal 8230)
   defining Unicode char U+2122 (decimal 8482)
   defining Unicode char U+2423 (decimal 9251)
))
(/usr/share/texmf/tex/latex/lm/lmodern.sty
Package: lmodern 2009/10/30 v1.6 Latin Modern Fonts
LaTeX Font Info:    Overwriting symbol font `operators' in version `normal'
(Font)                  OT1/cmr/m/n --> OT1/lmr/m/n on input line 22.
LaTeX Font Info:    Overwriting symbol font `letters' in version `normal'
(Font)                  OML/cmm/m/it --> OML/lmm/m/it on input line 23.
LaTeX Font Info:    Overwriting symbol font `symbols' in version `normal'
(Font)                  OMS/cmsy/m/n --> OMS/lmsy/m/n on input line 24.
LaTeX Font Info:    Overwriting symbol font `largesymbols' in version `normal'
(Font)                  OMX/cmex/m/n --> OMX/lmex/m/n on input line 25.
LaTeX Font Info:    Overwriting symbol font `operators' in version `bold'
(Font)                  OT1/cmr/bx/n --> OT1/lmr/bx/n on input line 26.
LaTeX Font Info:    Overwriting symbol font `letters' in version `bold'
(Font)                  OML/cmm/b/it --> OML/lmm/b/it on input line 27.
LaTeX Font Info:    Overwriting symbol font `symbols' in version `bold'
(Font)                  OMS/cmsy/b/n --> OMS/lmsy/b/n on input line 28.
LaTeX Font Info:    Overwriting symbol font `largesymbols' in version `bold'
(Font)                  OMX/cmex/m/n --> OMX/lmex/m/n on input line 29.
LaTeX Font Info:    Overwriting math alphabet `\mathbf' in version `normal'
(Font)                  OT1/cmr/bx/n --> OT1/lmr/bx/n on input line 31.
LaTeX Font Info:    Overwriting math alphabet `\mathsf' in version `normal'
(Font)                  OT1/cmss/m/n --> OT1/lmss/m/n on input line 32.
LaTeX Font Info:    Overwriting math alphabet `\mathit' in version `normal'
(Font)                  OT1/cmr/m/it --> OT1/lmr/m/it on input line 33.
LaTeX Font Info:    Overwriting math alphabet `\mathtt' in version `normal'
(Font)                  OT1/cmtt/m/n --> OT1/lmtt/m/n on input line 34.
LaTeX Font Info:    Overwriting math alphabet `\mathbf' in version `bold'
(Font)                  OT1/cmr/bx/n --> OT1/lmr/bx/n on input line 35.
LaTeX Font Info:    Overwriting math alphabet `\mathsf' in version `bold'
(Font)                  OT1/cmss/bx/n --> OT1/lmss/bx/n on input line 36.
LaTeX Font Info:    Overwriting math alphabet `\mathit' in version `bold'
(Font)                  OT1/cmr/bx/it --> OT1/lmr/bx/it on input line 37.
LaTeX Font Info:    Overwriting math alphabet `\mathtt' in version `bold'
(Font)                  OT1/cmtt/m/n --> OT1/lmtt/m/n on input line 38.
)
(/usr/share/texlive/texmf-dist/tex/latex/caption/subcaption.sty
Package: subcaption 2016/02/20 v1.1-142 Sub-captions (AR)

(/usr/share/texlive/texmf-dist/tex/latex/caption/caption.sty
Package: caption 2016/02/21 v3.3-144 Customizing captions (AR)

(/usr/share/texlive/texmf-dist/tex/latex/caption/caption3.sty
Package: caption3 2016/02/04 v1.7-139 caption3 kernel (AR)
Package caption3 Info: TeX engine: e-TeX on input line 67.
\captionmargin=\dimen104
\captionmargin@=\dimen105
\captionwidth=\dimen106
\caption@tempdima=\dimen107
\caption@indent=\dimen108
\caption@parindent=\dimen109
\caption@hangindent=\dimen110
)
Package caption Info: KOMA-Script document class.
\c@ContinuedFloat=\count89
)
\c@subfigure=\count90
\c@subtable=\count91
)
(/usr/share/texlive/texmf-dist/tex/latex/wrapfig/wrapfig.sty
\wrapoverhang=\dimen111
\WF@size=\dimen112
\c@WF@wrappedlines=\count92
\WF@box=\box27
\WF@everypar=\toks17
Package: wrapfig 2003/01/31  v 3.6
)
(/usr/share/texlive/texmf-dist/tex/latex/graphics/graphicx.sty
Package: graphicx 2014/10/28 v1.0g Enhanced LaTeX Graphics (DPC,SPQR)

(/usr/share/texlive/texmf-dist/tex/latex/graphics/graphics.sty
Package: graphics 2016/01/03 v1.0q Standard LaTeX Graphics (DPC,SPQR)

(/usr/share/texlive/texmf-dist/tex/latex/graphics/trig.sty
Package: trig 2016/01/03 v1.10 sin cos tan (DPC)
)
(/usr/share/texlive/texmf-dist/tex/latex/latexconfig/graphics.cfg
File: graphics.cfg 2010/04/23 v1.9 graphics configuration of TeX Live
)
Package graphics Info: Driver file: pdftex.def on input line 95.

(/usr/share/texlive/texmf-dist/tex/latex/pdftex-def/pdftex.def
File: pdftex.def 2011/05/27 v0.06d Graphics/color for pdfTeX

(/usr/share/texlive/texmf-dist/tex/generic/oberdiek/infwarerr.sty
Package: infwarerr 2010/04/08 v1.3 Providing info/warning/error messages (HO)
)
(/usr/share/texlive/texmf-dist/tex/generic/oberdiek/ltxcmds.sty
Package: ltxcmds 2011/11/09 v1.22 LaTeX kernel commands for general use (HO)
)
\Gread@gobject=\count93
))
\Gin@req@height=\dimen113
\Gin@req@width=\dimen114
)
(/usr/share/texlive/texmf-dist/tex/latex/placeins/placeins.sty
Package: placeins 2005/04/18  v 2.2
)
(/usr/share/texlive/texmf-dist/tex/latex/amsmath/amsmath.sty
Package: amsmath 2016/03/03 v2.15a AMS math features
\@mathmargin=\skip48

For additional information on amsmath, use the `?' option.
(/usr/share/texlive/texmf-dist/tex/latex/amsmath/amstext.sty
Package: amstext 2000/06/29 v2.01 AMS text

(/usr/share/texlive/texmf-dist/tex/latex/amsmath/amsgen.sty
File: amsgen.sty 1999/11/30 v2.0 generic functions
\@emptytoks=\toks18
\ex@=\dimen115
))
(/usr/share/texlive/texmf-dist/tex/latex/amsmath/amsbsy.sty
Package: amsbsy 1999/11/29 v1.2d Bold Symbols
\pmbraise@=\dimen116
)
(/usr/share/texlive/texmf-dist/tex/latex/amsmath/amsopn.sty
Package: amsopn 1999/12/14 v2.01 operator names
)
\inf@bad=\count94
LaTeX Info: Redefining \frac on input line 199.
\uproot@=\count95
\leftroot@=\count96
LaTeX Info: Redefining \overline on input line 297.
\classnum@=\count97
\DOTSCASE@=\count98
LaTeX Info: Redefining \ldots on input line 394.
LaTeX Info: Redefining \dots on input line 397.
LaTeX Info: Redefining \cdots on input line 518.
\Mathstrutbox@=\box28
\strutbox@=\box29
\big@size=\dimen117
LaTeX Font Info:    Redeclaring font encoding OML on input line 630.
LaTeX Font Info:    Redeclaring font encoding OMS on input line 631.
\macc@depth=\count99
\c@MaxMatrixCols=\count100
\dotsspace@=\muskip10
\c@parentequation=\count101
\dspbrk@lvl=\count102
\tag@help=\toks19
\row@=\count103
\column@=\count104
\maxfields@=\count105
\andhelp@=\toks20
\eqnshift@=\dimen118
\alignsep@=\dimen119
\tagshift@=\dimen120
\tagwidth@=\dimen121
\totwidth@=\dimen122
\lineht@=\dimen123
\@envbody=\toks21
\multlinegap=\skip49
\multlinetaggap=\skip50
\mathdisplay@stack=\toks22
LaTeX Info: Redefining \[ on input line 2735.
LaTeX Info: Redefining \] on input line 2736.
)
(/usr/share/texlive/texmf-dist/tex/latex/amsfonts/amsfonts.sty
Package: amsfonts 2013/01/14 v3.01 Basic AMSFonts support
\symAMSa=\mathgroup4
\symAMSb=\mathgroup5
LaTeX Font Info:    Overwriting math alphabet `\mathfrak' in version `bold'
(Font)                  U/euf/m/n --> U/euf/b/n on input line 106.
)
(/usr/share/texlive/texmf-dist/tex/latex/doublestroke/dsfont.sty
Package: dsfont 1995/08/01 v0.1 Double stroke roman fonts
)
(/usr/share/texlive/texmf-dist/tex/latex/tools/enumerate.sty
Package: enumerate 2015/07/23 v3.00 enumerate extensions (DPC)
\@enLab=\toks23
)
(/usr/share/texlive/texmf-dist/tex/latex/jknapltx/mathrsfs.sty
Package: mathrsfs 1996/01/01 Math RSFS package v1.0 (jk)
\symrsfs=\mathgroup6
)
(/usr/share/texlive/texmf-dist/tex/latex/braket/braket.sty)
(/usr/share/texlive/texmf-dist/tex/latex/graphics/color.sty
Package: color 2016/01/03 v1.1b Standard LaTeX Color (DPC)

(/usr/share/texlive/texmf-dist/tex/latex/latexconfig/color.cfg
File: color.cfg 2007/01/18 v1.5 color configuration of teTeX/TeXLive
)
Package color Info: Driver file: pdftex.def on input line 143.
)
(/usr/share/texlive/texmf-dist/tex/latex/hyperref/hyperref.sty
Package: hyperref 2012/11/06 v6.83m Hypertext links for LaTeX

(/usr/share/texlive/texmf-dist/tex/generic/oberdiek/hobsub-hyperref.sty
Package: hobsub-hyperref 2012/05/28 v1.13 Bundle oberdiek, subset hyperref (HO)


(/usr/share/texlive/texmf-dist/tex/generic/oberdiek/hobsub-generic.sty
Package: hobsub-generic 2012/05/28 v1.13 Bundle oberdiek, subset generic (HO)
Package: hobsub 2012/05/28 v1.13 Construct package bundles (HO)
Package hobsub Info: Skipping package `infwarerr' (already loaded).
Package hobsub Info: Skipping package `ltxcmds' (already loaded).
Package: ifluatex 2010/03/01 v1.3 Provides the ifluatex switch (HO)
Package ifluatex Info: LuaTeX not detected.
Package: ifvtex 2010/03/01 v1.5 Detect VTeX and its facilities (HO)
Package ifvtex Info: VTeX not detected.
Package: intcalc 2007/09/27 v1.1 Expandable calculations with integers (HO)
Package: ifpdf 2011/01/30 v2.3 Provides the ifpdf switch (HO)
Package ifpdf Info: pdfTeX in PDF mode is detected.
Package: etexcmds 2011/02/16 v1.5 Avoid name clashes with e-TeX commands (HO)
Package etexcmds Info: Could not find \expanded.
(etexcmds)             That can mean that you are not using pdfTeX 1.50 or
(etexcmds)             that some package has redefined \expanded.
(etexcmds)             In the latter case, load this package earlier.
Package: kvsetkeys 2012/04/25 v1.16 Key value parser (HO)
Package: kvdefinekeys 2011/04/07 v1.3 Define keys (HO)
Package: pdftexcmds 2011/11/29 v0.20 Utility functions of pdfTeX for LuaTeX (HO
)
Package pdftexcmds Info: LuaTeX not detected.
Package pdftexcmds Info: \pdf@primitive is available.
Package pdftexcmds Info: \pdf@ifprimitive is available.
Package pdftexcmds Info: \pdfdraftmode found.
Package: pdfescape 2011/11/25 v1.13 Implements pdfTeX's escape features (HO)
Package: bigintcalc 2012/04/08 v1.3 Expandable calculations on big integers (HO
)
Package: bitset 2011/01/30 v1.1 Handle bit-vector datatype (HO)
Package: uniquecounter 2011/01/30 v1.2 Provide unlimited unique counter (HO)
)
Package hobsub Info: Skipping package `hobsub' (already loaded).
Package: letltxmacro 2010/09/02 v1.4 Let assignment for LaTeX macros (HO)
Package: hopatch 2012/05/28 v1.2 Wrapper for package hooks (HO)
Package: xcolor-patch 2011/01/30 xcolor patch
Package: atveryend 2011/06/30 v1.8 Hooks at the very end of document (HO)
Package atveryend Info: \enddocument detected (standard20110627).
Package: atbegshi 2011/10/05 v1.16 At begin shipout hook (HO)
Package: refcount 2011/10/16 v3.4 Data extraction from label references (HO)
Package: hycolor 2011/01/30 v1.7 Color options for hyperref/bookmark (HO)
)
(/usr/share/texlive/texmf-dist/tex/generic/ifxetex/ifxetex.sty
Package: ifxetex 2010/09/12 v0.6 Provides ifxetex conditional
)
(/usr/share/texlive/texmf-dist/tex/latex/oberdiek/auxhook.sty
Package: auxhook 2011/03/04 v1.3 Hooks for auxiliary files (HO)
)
(/usr/share/texlive/texmf-dist/tex/latex/oberdiek/kvoptions.sty
Package: kvoptions 2011/06/30 v3.11 Key value format for package options (HO)
)
\@linkdim=\dimen124
\Hy@linkcounter=\count106
\Hy@pagecounter=\count107

(/usr/share/texlive/texmf-dist/tex/latex/hyperref/pd1enc.def
File: pd1enc.def 2012/11/06 v6.83m Hyperref: PDFDocEncoding definition (HO)
Now handling font encoding PD1 ...
... no UTF-8 mapping file for font encoding PD1
)
\Hy@SavedSpaceFactor=\count108

(/usr/share/texlive/texmf-dist/tex/latex/latexconfig/hyperref.cfg
File: hyperref.cfg 2002/06/06 v1.2 hyperref configuration of TeXLive
)
Package hyperref Info: Option `colorlinks' set `false' on input line 4319.
Package hyperref Info: Hyper figures OFF on input line 4443.
Package hyperref Info: Link nesting OFF on input line 4448.
Package hyperref Info: Hyper index ON on input line 4451.
Package hyperref Info: Plain pages OFF on input line 4458.
Package hyperref Info: Backreferencing OFF on input line 4463.
Package hyperref Info: Implicit mode ON; LaTeX internals redefined.
Package hyperref Info: Bookmarks ON on input line 4688.
\c@Hy@tempcnt=\count109

(/usr/share/texlive/texmf-dist/tex/latex/url/url.sty
\Urlmuskip=\muskip11
Package: url 2013/09/16  ver 3.4  Verb mode for urls, etc.
)
LaTeX Info: Redefining \url on input line 5041.
\XeTeXLinkMargin=\dimen125
\Fld@menulength=\count110
\Field@Width=\dimen126
\Fld@charsize=\dimen127
Package hyperref Info: Hyper figures OFF on input line 6295.
Package hyperref Info: Link nesting OFF on input line 6300.
Package hyperref Info: Hyper index ON on input line 6303.
Package hyperref Info: backreferencing OFF on input line 6310.
Package hyperref Info: Link coloring OFF on input line 6315.
Package hyperref Info: Link coloring with OCG OFF on input line 6320.
Package hyperref Info: PDF/A mode OFF on input line 6325.
LaTeX Info: Redefining \ref on input line 6365.
LaTeX Info: Redefining \pageref on input line 6369.
\Hy@abspage=\count111
\c@Item=\count112
\c@Hfootnote=\count113
)

Package hyperref Message: Driver (autodetected): hpdftex.

(/usr/share/texlive/texmf-dist/tex/latex/hyperref/hpdftex.def
File: hpdftex.def 2012/11/06 v6.83m Hyperref driver for pdfTeX
\Fld@listcount=\count114
\c@bookmark@seq@number=\count115

(/usr/share/texlive/texmf-dist/tex/latex/oberdiek/rerunfilecheck.sty
Package: rerunfilecheck 2011/04/15 v1.7 Rerun checks for auxiliary files (HO)
Package uniquecounter Info: New unique counter `rerunfilecheck' on input line 2
82.
)
\Hy@SectionHShift=\skip51
)
(/usr/share/texlive/texmf-dist/tex/latex/units/units.sty
Package: units 1998/08/04 v0.9b Typesetting units

(/usr/share/texlive/texmf-dist/tex/latex/base/ifthen.sty
Package: ifthen 2014/09/29 v1.1c Standard LaTeX ifthen package (DPC)
)
(/usr/share/texlive/texmf-dist/tex/latex/units/nicefrac.sty
Package: nicefrac 1998/08/04 v0.9b Nice fractions
\L@UnitsRaiseDisplaystyle=\skip52
\L@UnitsRaiseTextstyle=\skip53
\L@UnitsRaiseScriptstyle=\skip54
LaTeX Info: Redefining \nicefrac on input line 131.
))
(/usr/share/texlive/texmf-dist/tex/latex/biblatex/biblatex.sty
Package: biblatex 2016/03/03 v3.3 programmable bibliographies (PK/JW/AB)

(/usr/share/texlive/texmf-dist/tex/latex/biblatex/biblatex_legacy.sty
Package: biblatex_legacy 2016/03/03 v3.3 programmable bibliographies (bibtex) (
PK/JW/AB)

(/usr/share/texlive/texmf-dist/tex/latex/etoolbox/etoolbox.sty
Package: etoolbox 2015/08/02 v2.2a e-TeX tools for LaTeX (JAW)
\etb@tempcnta=\count116
)
(/usr/share/texlive/texmf-dist/tex/latex/logreq/logreq.sty
Package: logreq 2010/08/04 v1.0 xml request logger
\lrq@indent=\count117

(/usr/share/texlive/texmf-dist/tex/latex/logreq/logreq.def
File: logreq.def 2010/08/04 v1.0 logreq spec v1.0
))
\c@tabx@nest=\count118
\c@listtotal=\count119
\c@listcount=\count120
\c@liststart=\count121
\c@liststop=\count122
\c@citecount=\count123
\c@citetotal=\count124
\c@multicitecount=\count125
\c@multicitetotal=\count126
\c@instcount=\count127
\c@maxnames=\count128
\c@minnames=\count129
\c@maxitems=\count130
\c@minitems=\count131
\c@citecounter=\count132
\c@savedcitecounter=\count133
\c@uniquelist=\count134
\c@uniquename=\count135
\c@refsection=\count136
\c@refsegment=\count137
\c@maxextrayear=\count138
\c@maxextraalpha=\count139
\c@abbrvpenalty=\count140
\c@highnamepenalty=\count141
\c@lownamepenalty=\count142
\c@maxparens=\count143
\c@parenlevel=\count144
\blx@tempcnta=\count145
\blx@tempcntb=\count146
\blx@tempcntc=\count147
\blx@maxsection=\count148
\blx@maxsegment=\count149
\blx@notetype=\count150
\blx@parenlevel@text=\count151
\blx@parenlevel@foot=\count152
\labelnumberwidth=\skip55
\labelalphawidth=\skip56
\shorthandwidth=\skip57
\biblabelsep=\skip58
\bibitemsep=\skip59
\bibnamesep=\skip60
\bibinitsep=\skip61
\bibparsep=\skip62
\bibhang=\skip63
\blx@auxin=\read1
\blx@auxout=\write3
\c@mincomprange=\count153
\c@maxcomprange=\count154
\c@mincompwidth=\count155
\c@labelname=\count156
\c@savedlabelname=\count157
\c@author=\count158
\c@savedauthor=\count159
\c@shortauthor=\count160
\c@savedshortauthor=\count161
\c@editor=\count162
\c@savededitor=\count163
\c@editora=\count164
\c@savededitora=\count165
\c@editorb=\count166
\c@savededitorb=\count167
\c@editorc=\count168
\c@savededitorc=\count169
\c@shorteditor=\count170
\c@savedshorteditor=\count171
\c@bookauthor=\count172
\c@savedbookauthor=\count173
\c@translator=\count174
\c@savedtranslator=\count175
\c@annotator=\count176
\c@savedannotator=\count177
\c@commentator=\count178
\c@savedcommentator=\count179
\c@introduction=\count180
\c@savedintroduction=\count181
\c@foreword=\count182
\c@savedforeword=\count183
\c@afterword=\count184
\c@savedafterword=\count185
\c@holder=\count186
\c@savedholder=\count187
\c@namea=\count188
\c@savednamea=\count189
\c@nameb=\count190
\c@savednameb=\count191
\c@namec=\count192
\c@savednamec=\count193
\c@institution=\count194
\c@savedinstitution=\count195
\c@language=\count196
\c@savedlanguage=\count197
\c@location=\count198
\c@savedlocation=\count199
\c@organization=\count266
\c@savedorganization=\count267
\c@origlocation=\count268
\c@savedoriglocation=\count269
\c@origpublisher=\count270
\c@savedorigpublisher=\count271
\c@pageref=\count272
\c@savedpageref=\count273
\c@publisher=\count274
\c@savedpublisher=\count275
\c@lista=\count276
\c@savedlista=\count277
\c@listb=\count278
\c@savedlistb=\count279
\c@listc=\count280
\c@savedlistc=\count281
\c@listd=\count282
\c@savedlistd=\count283
\c@liste=\count284
\c@savedliste=\count285
\c@listf=\count286
\c@savedlistf=\count287
Package biblatex Info: Trying to load compatibility code...
Package biblatex Info: ... file 'blx-compat.def' found.

(/usr/share/texlive/texmf-dist/tex/latex/biblatex/blx-compat.def
File: blx-compat.def 2016/03/03 v3.3 biblatex compatibility (PK/JW/AB)
)
Package biblatex Info: Trying to load generic definitions...
Package biblatex Info: ... file 'biblatex_legacy.def' found.

(/usr/share/texlive/texmf-dist/tex/latex/biblatex/biblatex_legacy.def
File: biblatex_legacy.def 
\c@textcitecount=\count288
\c@textcitetotal=\count289
\c@textcitemaxnames=\count290
\c@biburlnumpenalty=\count291
\c@biburlucpenalty=\count292
\c@biburllcpenalty=\count293
\c@smartand=\count294
)
Package biblatex Info: Trying to load bibliography style 'numeric-comp'...
Package biblatex Info: ... file 'numeric-comp.bbx' found.

(/usr/share/texlive/texmf-dist/tex/latex/biblatex/bbx/numeric-comp.bbx
File: numeric-comp.bbx 2016/03/03 v3.3 biblatex bibliography style (PK/JW/AB)
Package biblatex Info: Trying to load bibliography style 'numeric'...
Package biblatex Info: ... file 'numeric.bbx' found.

(/usr/share/texlive/texmf-dist/tex/latex/biblatex/bbx/numeric.bbx
File: numeric.bbx 2016/03/03 v3.3 biblatex bibliography style (PK/JW/AB)
Package biblatex Info: Trying to load bibliography style 'standard'...
Package biblatex Info: ... file 'standard.bbx' found.

(/usr/share/texlive/texmf-dist/tex/latex/biblatex/bbx/standard.bbx
File: standard.bbx 2016/03/03 v3.3 biblatex bibliography style (PK/JW/AB)
\c@bbx:relatedcount=\count295
\c@bbx:relatedtotal=\count296
)))
Package biblatex Info: Trying to load citation style 'numeric-comp'...
Package biblatex Info: ... file 'numeric-comp.cbx' found.

(/usr/share/texlive/texmf-dist/tex/latex/biblatex/cbx/numeric-comp.cbx
File: numeric-comp.cbx 2016/03/03 v3.3 biblatex citation style (PK/JW/AB)
\c@cbx@tempcnta=\count297
\c@cbx@tempcntb=\count298
Package biblatex Info: Redefining '\cite'.
Package biblatex Info: Redefining '\parencite'.
Package biblatex Info: Redefining '\footcite'.
Package biblatex Info: Redefining '\footcitetext'.
Package biblatex Info: Redefining '\smartcite'.
Package biblatex Info: Redefining '\supercite'.
Package biblatex Info: Redefining '\textcite'.
Package biblatex Info: Redefining '\textcites'.
Package biblatex Info: Redefining '\cites'.
Package biblatex Info: Redefining '\parencites'.
Package biblatex Info: Redefining '\smartcites'.
)
Package biblatex Info: Trying to load configuration file...
Package biblatex Info: ... file 'biblatex.cfg' found.

(/usr/share/texlive/texmf-dist/tex/latex/biblatex/biblatex.cfg
File: biblatex.cfg 
))))
Package biblatex Info: Trying to load language 'english'...
Package biblatex Info: ... file 'english.lbx' found.

(/usr/share/texlive/texmf-dist/tex/latex/biblatex/lbx/english.lbx
File: english.lbx 2016/03/03 v3.3 biblatex localization (PK/JW/AB)
)

Package biblatex Warning: 'babel/polyglossia' detected but 'csquotes' missing.
(biblatex)                Loading 'csquotes' recommended.

\@quotelevel=\count299
\@quotereset=\count300

LaTeX Warning: Unused global option(s):
    [a4].

(./main_BA2.0.aux

LaTeX Warning: Label `' multiply defined.


LaTeX Warning: Label `sub@' multiply defined.

)
\openout1 = `main_BA2.0.aux'.

LaTeX Font Info:    Checking defaults for OML/cmm/m/it on input line 6.
LaTeX Font Info:    ... okay on input line 6.
LaTeX Font Info:    Checking defaults for T1/cmr/m/n on input line 6.
LaTeX Font Info:    ... okay on input line 6.
LaTeX Font Info:    Checking defaults for OT1/cmr/m/n on input line 6.
LaTeX Font Info:    ... okay on input line 6.
LaTeX Font Info:    Checking defaults for OMS/cmsy/m/n on input line 6.
LaTeX Font Info:    ... okay on input line 6.
LaTeX Font Info:    Checking defaults for OMX/cmex/m/n on input line 6.
LaTeX Font Info:    ... okay on input line 6.
LaTeX Font Info:    Checking defaults for U/cmr/m/n on input line 6.
LaTeX Font Info:    ... okay on input line 6.
LaTeX Font Info:    Checking defaults for PD1/pdf/m/n on input line 6.
LaTeX Font Info:    ... okay on input line 6.
LaTeX Font Info:    Try loading font information for T1+lmr on input line 6.
 (/usr/share/texmf/tex/latex/lm/t1lmr.fd
File: t1lmr.fd 2009/10/30 v1.6 Font defs for Latin Modern
)
Package caption Info: Begin \AtBeginDocument code.
Package caption Info: hyperref package is loaded.
Package caption Info: wrapfig package is loaded.
Package caption Info: End \AtBeginDocument code.

(/usr/share/texlive/texmf-dist/tex/context/base/supp-pdf.mkii
[Loading MPS to PDF converter (version 2006.09.02).]
\scratchcounter=\count301
\scratchdimen=\dimen128
\scratchbox=\box30
\nofMPsegments=\count302
\nofMParguments=\count303
\everyMPshowfont=\toks24
\MPscratchCnt=\count304
\MPscratchDim=\dimen129
\MPnumerator=\count305
\makeMPintoPDFobject=\count306
\everyMPtoPDFconversion=\toks25
) (/usr/share/texlive/texmf-dist/tex/latex/oberdiek/epstopdf-base.sty
Package: epstopdf-base 2010/02/09 v2.5 Base part for package epstopdf

(/usr/share/texlive/texmf-dist/tex/latex/oberdiek/grfext.sty
Package: grfext 2010/08/19 v1.1 Manage graphics extensions (HO)
)
Package grfext Info: Graphics extension search list:
(grfext)             [.png,.pdf,.jpg,.mps,.jpeg,.jbig2,.jb2,.PNG,.PDF,.JPG,.JPE
G,.JBIG2,.JB2,.eps]
(grfext)             \AppendGraphicsExtensions on input line 452.

(/usr/share/texlive/texmf-dist/tex/latex/latexconfig/epstopdf-sys.cfg
File: epstopdf-sys.cfg 2010/07/13 v1.3 Configuration of (r)epstopdf for TeX Liv
e
))
\AtBeginShipoutBox=\box31
Package hyperref Info: Link coloring OFF on input line 6.

(/usr/share/texlive/texmf-dist/tex/latex/hyperref/nameref.sty
Package: nameref 2012/10/27 v2.43 Cross-referencing by name of section

(/usr/share/texlive/texmf-dist/tex/generic/oberdiek/gettitlestring.sty
Package: gettitlestring 2010/12/03 v1.4 Cleanup title references (HO)
)
\c@section@level=\count307
)
LaTeX Info: Redefining \ref on input line 6.
LaTeX Info: Redefining \pageref on input line 6.
LaTeX Info: Redefining \nameref on input line 6.

(./main_BA2.0.out) (./main_BA2.0.out)
\@outlinefile=\write4
\openout4 = `main_BA2.0.out'.

Package biblatex Info: Input encoding 'utf8' detected.
Package biblatex Info: Automatic encoding selection.
(biblatex)             Assuming data encoding 'utf8'.


Package biblatex Warning: Data encoding is 'utf8'.
(biblatex)                Use backend=biber.

\openout3 = `main_BA2.0-blx.bib'.

Package biblatex Info: Trying to load bibliographic data...
Package biblatex Info: ... file 'main_BA2.0.bbl' found.
(./main_BA2.0.bbl

Package biblatex Warning: BibTeX reported the following issues
(biblatex)                with 'HgTe_structure_001':
(biblatex)                - Invalid format of field 'month'.


Package biblatex Warning: BibTeX reported the following issues
(biblatex)                with 'top_surf_states':
(biblatex)                - Invalid format of field 'month'.

)
Package biblatex Info: Reference section=0 on input line 6.
Package biblatex Info: Reference segment=0 on input line 6.
 <andere_bilder/LOGO_UR.jpg, id=104, 593.3367pt x 427.5975pt>
File: andere_bilder/LOGO_UR.jpg Graphic file (type jpg)

<use andere_bilder/LOGO_UR.jpg>
Package pdftex.def Info: andere_bilder/LOGO_UR.jpg used on input line 30.
(pdftex.def)             Requested size: 215.07678pt x 155.00015pt.
LaTeX Font Info:    Try loading font information for OT1+lmr on input line 53.
 (/usr/share/texmf/tex/latex/lm/ot1lmr.fd
File: ot1lmr.fd 2009/10/30 v1.6 Font defs for Latin Modern
)
LaTeX Font Info:    Try loading font information for OML+lmm on input line 53.

(/usr/share/texmf/tex/latex/lm/omllmm.fd
File: omllmm.fd 2009/10/30 v1.6 Font defs for Latin Modern
)
LaTeX Font Info:    Try loading font information for OMS+lmsy on input line 53.


(/usr/share/texmf/tex/latex/lm/omslmsy.fd
File: omslmsy.fd 2009/10/30 v1.6 Font defs for Latin Modern
)
LaTeX Font Info:    Try loading font information for OMX+lmex on input line 53.


(/usr/share/texmf/tex/latex/lm/omxlmex.fd
File: omxlmex.fd 2009/10/30 v1.6 Font defs for Latin Modern
)
LaTeX Font Info:    External font `lmex10' loaded for size
(Font)              <12> on input line 53.
LaTeX Font Info:    External font `lmex10' loaded for size
(Font)              <8> on input line 53.
LaTeX Font Info:    External font `lmex10' loaded for size
(Font)              <6> on input line 53.
LaTeX Font Info:    Try loading font information for U+msa on input line 53.

(/usr/share/texlive/texmf-dist/tex/latex/amsfonts/umsa.fd
File: umsa.fd 2013/01/14 v3.01 AMS symbols A
)
LaTeX Font Info:    Try loading font information for U+msb on input line 53.

(/usr/share/texlive/texmf-dist/tex/latex/amsfonts/umsb.fd
File: umsb.fd 2013/01/14 v3.01 AMS symbols B
)
LaTeX Font Info:    Try loading font information for U+rsfs on input line 53.

(/usr/share/texlive/texmf-dist/tex/latex/jknapltx/ursfs.fd
File: ursfs.fd 1998/03/24 rsfs font definition file (jk)
)
Overfull \hbox (11.74983pt too wide) in paragraph at lines 10--54
[]$[]$ 
 []

[1

{/var/lib/texmf/fonts/map/pdftex/updmap/pdftex.map} <./andere_bilder/LOGO_UR.jp
g>] [2]
LaTeX Font Info:    Try loading font information for T1+lmss on input line 60.
 (/usr/share/texmf/tex/latex/lm/t1lmss.fd
File: t1lmss.fd 2009/10/30 v1.6 Font defs for Latin Modern
) (./main_BA2.0.toc)
\tf@toc=\write5
\openout5 = `main_BA2.0.toc'.

 [3]pdfTeX warning (ext4): destination with the same identifier (name{page.1}) 
has been already used, duplicate ignored
<to be read again> 
                   \relax 
l.86 \section
             {Theory} [1

] (./topological_insulators.tex
<andere_bilder/band_structure_top_insulator.jpg, id=153, 436.63126pt x 404.2603
1pt>
File: andere_bilder/band_structure_top_insulator.jpg Graphic file (type jpg)
 <use andere_bilder/band_structure_top_insulator.jpg>
Package pdftex.def Info: andere_bilder/band_structure_top_insulator.jpg used on
 input line 25.
(pdftex.def)             Requested size: 179.24963pt x 165.95752pt.
pdfTeX warning (ext4): destination with the same identifier (name{page.2}) has 
been already used, duplicate ignored
<to be read again> 
                   \relax 
l.45 
      [2 <./andere_bilder/band_structure_top_insulator.jpg>])
(./Solid_State_Physics_concepts.tex
<andere_bilder/basis_2dim.png, id=169, 1482.53876pt x 528.97626pt>
File: andere_bilder/basis_2dim.png Graphic file (type png)

<use andere_bilder/basis_2dim.png>
Package pdftex.def Info: andere_bilder/basis_2dim.png used on input line 4.
(pdftex.def)             Requested size: 403.31511pt x 143.899pt.
pdfTeX warning (ext4): destination with the same identifier (name{page.3}) has 
been already used, duplicate ignored
<to be read again> 
                   \relax 
l.50 
      [3] <andere_bilder/diamond.png, id=188, 664.4825pt x 664.4825pt>
File: andere_bilder/diamond.png Graphic file (type png)

<use andere_bilder/diamond.png>
Package pdftex.def Info: andere_bilder/diamond.png used on input line 60.
(pdftex.def)             Requested size: 153.2617pt x 153.26373pt.

<andere_bilder/millersche_indizes_less.png, id=190, 1419.3025pt x 520.94624pt>
File: andere_bilder/millersche_indizes_less.png Graphic file (type png)

<use andere_bilder/millersche_indizes_less.png>
Package pdftex.def Info: andere_bilder/millersche_indizes_less.png used on inpu
t line 109.
(pdftex.def)             Requested size: 358.50612pt x 131.58757pt.

<andere_bilder/zinc_blende.jpg, id=193, 521.95pt x 485.815pt>
File: andere_bilder/zinc_blende.jpg Graphic file (type jpg)

<use andere_bilder/zinc_blende.jpg>
Package pdftex.def Info: andere_bilder/zinc_blende.jpg used on input line 124.
(pdftex.def)             Requested size: 129.06378pt x 120.12653pt.

<andere_bilder/zinc_blende_45degree.jpg, id=194, 446.66875pt x 408.52625pt>
File: andere_bilder/zinc_blende_45degree.jpg Graphic file (type jpg)

<use andere_bilder/zinc_blende_45degree.jpg>
Package pdftex.def Info: andere_bilder/zinc_blende_45degree.jpg used on input l
ine 129.
(pdftex.def)             Requested size: 143.40518pt x 131.16118pt.

<andere_bilder/001_plane_2.jpg, id=195, 431.6125pt x 431.6125pt>
File: andere_bilder/001_plane_2.jpg Graphic file (type jpg)

<use andere_bilder/001_plane_2.jpg>
Package pdftex.def Info: andere_bilder/001_plane_2.jpg used on input line 134.
(pdftex.def)             Requested size: 129.06378pt x 129.06325pt.
 [4 <./andere_bilder/basis_2dim.png>]
[5 <./andere_bilder/diamond.png> <./andere_bilder/millersche_indizes_less.png> 
<./andere_bilder/zinc_blende.jpg> <./andere_bilder/zinc_blende_45degree.jpg> <.
/andere_bilder/001_plane_2.jpg>]
Underfull \hbox (badness 10000) in paragraph at lines 149--154

 []

<andere_bilder/brillouin_zone_001_2.jpg, id=218, 433.62pt x 444.66125pt>
File: andere_bilder/brillouin_zone_001_2.jpg Graphic file (type jpg)

<use andere_bilder/brillouin_zone_001_2.jpg>
Package pdftex.def Info: andere_bilder/brillouin_zone_001_2.jpg used on input l
ine 176.
(pdftex.def)             Requested size: 224.06548pt x 229.7732pt.
 [6] [7 <./andere_bilder/brillouin_zone_001_2.jpg>]
<andere_bilder/hgte_16layer_supercell_2.jpg, id=241, 172.645pt x 903.375pt>
File: andere_bilder/hgte_16layer_supercell_2.jpg Graphic file (type jpg)

<use andere_bilder/hgte_16layer_supercell_2.jpg>
Package pdftex.def Info: andere_bilder/hgte_16layer_supercell_2.jpg used on inp
ut line 248.
(pdftex.def)             Requested size: 80.66519pt x 422.09134pt.
 [8 <./andere_bilder/hgte_16layer_supercell_2.jpg>]) (./dft.tex
Overfull \hbox (1.9609pt too wide) in paragraph at lines 27--28
[]\T1/lmr/m/n/12 If $\OT1/lmr/m/n/12 	[]([][]\OML/lmm/m/it/12 ; [] ; [][]\OT1/l
mr/m/n/12 )$ \T1/lmr/m/n/12 is the wave func-tion of the ground state in the ma
ny body Schrödinger
 []

[9] [10]) (./spin-orbit_coupling.tex
LaTeX Font Info:    Try loading font information for U+dsrom on input line 37.

(/usr/share/texlive/texmf-dist/tex/latex/doublestroke/Udsrom.fd
File: Udsrom.fd 1995/08/01 v0.1 Double stroke roman font definitions
) [11] [12]
[13]) [14] (./FHI-aims.tex
LaTeX Font Info:    Try loading font information for T1+lmtt on input line 5.
 (/usr/share/texmf/tex/latex/lm/t1lmtt.fd
File: t1lmtt.fd 2009/10/30 v1.6 Font defs for Latin Modern
)
Overfull \hbox (2.61105pt too wide) in paragraph at lines 16--75
[]$ $[]$
 []


Overfull \hbox (2.61105pt too wide) in paragraph at lines 16--75
[]$  $[]$
 []


Overfull \hbox (2.61105pt too wide) in paragraph at lines 16--75
[]$  $[]$ 
 []

) (./lattice_constant_kgrid_Result.tex
<andere_bilder/plot_energies_hgte_bulk_all_kgrid_in_one.pdf, id=340, 642.4pt x 
481.8pt>
File: andere_bilder/plot_energies_hgte_bulk_all_kgrid_in_one.pdf Graphic file (
type pdf)
 <use andere_bilder/plot_energies_hgte_bulk_all_kgrid_in_one.pdf>
Package pdftex.def Info: andere_bilder/plot_energies_hgte_bulk_all_kgrid_in_one
.pdf used on input line 4.
(pdftex.def)             Requested size: 215.10094pt x 161.32497pt.

<andere_bilder/lattice_constant_study_spin_none_no_soc.pdf, id=341, 642.4pt x 4
81.8pt>
File: andere_bilder/lattice_constant_study_spin_none_no_soc.pdf Graphic file (t
ype pdf)
 <use andere_bilder/lattice_constant_study_spin_none_no_soc.pdf>
Package pdftex.def Info: andere_bilder/lattice_constant_study_spin_none_no_soc.
pdf used on input line 10.
(pdftex.def)             Requested size: 215.10094pt x 161.32497pt.

[15] <andere_bilder/kgrid_bulk.pdf, id=352, 642.4pt x 481.8pt>
File: andere_bilder/kgrid_bulk.pdf Graphic file (type pdf)

<use andere_bilder/kgrid_bulk.pdf>
Package pdftex.def Info: andere_bilder/kgrid_bulk.pdf used on input line 36.
(pdftex.def)             Requested size: 224.06548pt x 168.04439pt.
LaTeX Font Info:    External font `lmex10' loaded for size
(Font)              <10.95> on input line 37.

<andere_bilder/kgrid_1x1x4_layers.pdf, id=353, 642.4pt x 481.8pt>
File: andere_bilder/kgrid_1x1x4_layers.pdf Graphic file (type pdf)

<use andere_bilder/kgrid_1x1x4_layers.pdf>
Package pdftex.def Info: andere_bilder/kgrid_1x1x4_layers.pdf used on input lin
e 43.
(pdftex.def)             Requested size: 224.06548pt x 168.04439pt.

<andere_bilder/kgrid_1x1x8_layers.pdf, id=354, 642.4pt x 481.8pt>
File: andere_bilder/kgrid_1x1x8_layers.pdf Graphic file (type pdf)

<use andere_bilder/kgrid_1x1x8_layers.pdf>
Package pdftex.def Info: andere_bilder/kgrid_1x1x8_layers.pdf used on input lin
e 49.
(pdftex.def)             Requested size: 224.06548pt x 168.04439pt.

<andere_bilder/kgrid_1x1x16_layers.pdf, id=355, 642.4pt x 481.8pt>
File: andere_bilder/kgrid_1x1x16_layers.pdf Graphic file (type pdf)

<use andere_bilder/kgrid_1x1x16_layers.pdf>
Package pdftex.def Info: andere_bilder/kgrid_1x1x16_layers.pdf used on input li
ne 55.
(pdftex.def)             Requested size: 224.06548pt x 168.04439pt.

Overfull \hbox (2.61107pt too wide) in paragraph at lines 34--58
[]$[]$  $[]$
 []


Overfull \hbox (2.61107pt too wide) in paragraph at lines 34--58
[]$  $[]$ 
 []

[16 <./andere_bilder/plot_energies_hgte_bulk_all_kgrid_in_one.pdf> <./andere_bi
lder/lattice_constant_study_spin_none_no_soc.pdf>] [17 <./andere_bilder/kgrid_b
ulk.pdf> <./andere_bilder/kgrid_1x1x4_layers.pdf> <./andere_bilder/kgrid_1x1x8_
layers.pdf> <./andere_bilder/kgrid_1x1x16_layers.pdf>])
(./bulk_band_structure.tex
<andere_bilder/plot_bulk_with_without_soc.pdf, id=428, 642.4pt x 481.8pt>
File: andere_bilder/plot_bulk_with_without_soc.pdf Graphic file (type pdf)

<use andere_bilder/plot_bulk_with_without_soc.pdf>
Package pdftex.def Info: andere_bilder/plot_bulk_with_without_soc.pdf used on i
nput line 27.
(pdftex.def)             Requested size: 313.69029pt x 235.27538pt.
)
(./bulk_projected_band_structures.tex [18

 <./andere_bilder/plot_bulk_with_without_soc.pdf>] [19] <andere_bilder/0_bulk_-
12_10.pdf, id=463, 642.4pt x 481.8pt>
File: andere_bilder/0_bulk_-12_10.pdf Graphic file (type pdf)

<use andere_bilder/0_bulk_-12_10.pdf>
Package pdftex.def Info: andere_bilder/0_bulk_-12_10.pdf used on input line 62.

(pdftex.def)             Requested size: 215.10094pt x 161.32497pt.

<andere_bilder/4_bulk_-12_10.pdf, id=464, 642.4pt x 481.8pt>
File: andere_bilder/4_bulk_-12_10.pdf Graphic file (type pdf)

<use andere_bilder/4_bulk_-12_10.pdf>
Package pdftex.def Info: andere_bilder/4_bulk_-12_10.pdf used on input line 74.

(pdftex.def)             Requested size: 215.10094pt x 161.32497pt.

<andere_bilder/10_bulk_-12_10.pdf, id=465, 642.4pt x 481.8pt>
File: andere_bilder/10_bulk_-12_10.pdf Graphic file (type pdf)

<use andere_bilder/10_bulk_-12_10.pdf>
Package pdftex.def Info: andere_bilder/10_bulk_-12_10.pdf used on input line 85
.
(pdftex.def)             Requested size: 215.10094pt x 161.32497pt.

<andere_bilder/bulk_-12_10.pdf, id=466, 642.4pt x 481.8pt>
File: andere_bilder/bulk_-12_10.pdf Graphic file (type pdf)

<use andere_bilder/bulk_-12_10.pdf>
Package pdftex.def Info: andere_bilder/bulk_-12_10.pdf used on input line 91.
(pdftex.def)             Requested size: 215.10094pt x 161.32497pt.

<Te_and_Hg_termination/no_H_bulk+4_layers_no_dos_-2_2.pdf, id=467, 642.4pt x 48
1.8pt>
File: Te_and_Hg_termination/no_H_bulk+4_layers_no_dos_-2_2.pdf Graphic file (ty
pe pdf)
 <use Te_and_Hg_termination/no_H_bulk+4_layers_no_dos_-2_2.pdf>
Package pdftex.def Info: Te_and_Hg_termination/no_H_bulk+4_layers_no_dos_-2_2.p
df used on input line 101.
(pdftex.def)             Requested size: 215.10094pt x 161.32497pt.

<Te_and_Hg_termination/bulk+4_layers_no_dos_-2_2.pdf, id=468, 642.4pt x 481.8pt
>
File: Te_and_Hg_termination/bulk+4_layers_no_dos_-2_2.pdf Graphic file (type pd
f)
 <use Te_and_Hg_termination/bulk+4_layers_no_dos_-2_2.pdf>
Package pdftex.def Info: Te_and_Hg_termination/bulk+4_layers_no_dos_-2_2.pdf us
ed on input line 107.
(pdftex.def)             Requested size: 215.10094pt x 161.32497pt.

<Te_and_Hg_termination/no_H_bulk+8_layers_no_dos_-2_2.pdf, id=469, 642.4pt x 48
1.8pt>
File: Te_and_Hg_termination/no_H_bulk+8_layers_no_dos_-2_2.pdf Graphic file (ty
pe pdf)
 <use Te_and_Hg_termination/no_H_bulk+8_layers_no_dos_-2_2.pdf>
Package pdftex.def Info: Te_and_Hg_termination/no_H_bulk+8_layers_no_dos_-2_2.p
df used on input line 112.
(pdftex.def)             Requested size: 215.10094pt x 161.32497pt.

<Te_and_Hg_termination/bulk+8_layers_no_dos_-2_2.pdf, id=470, 642.4pt x 481.8pt
>
File: Te_and_Hg_termination/bulk+8_layers_no_dos_-2_2.pdf Graphic file (type pd
f)
 <use Te_and_Hg_termination/bulk+8_layers_no_dos_-2_2.pdf>
Package pdftex.def Info: Te_and_Hg_termination/bulk+8_layers_no_dos_-2_2.pdf us
ed on input line 118.
(pdftex.def)             Requested size: 215.10094pt x 161.32497pt.

<Te_and_Hg_termination/no_H_bulk+16_layers_no_dos_-2_2.pdf, id=471, 642.4pt x 4
81.8pt>
File: Te_and_Hg_termination/no_H_bulk+16_layers_no_dos_-2_2.pdf Graphic file (t
ype pdf)
 <use Te_and_Hg_termination/no_H_bulk+16_layers_no_dos_-2_2.pdf>
Package pdftex.def Info: Te_and_Hg_termination/no_H_bulk+16_layers_no_dos_-2_2.
pdf used on input line 123.
(pdftex.def)             Requested size: 215.10094pt x 161.32497pt.

<Te_and_Hg_termination/bulk+16_layers_no_dos_-2_2.pdf, id=472, 642.4pt x 481.8p
t>
File: Te_and_Hg_termination/bulk+16_layers_no_dos_-2_2.pdf Graphic file (type p
df)
 <use Te_and_Hg_termination/bulk+16_layers_no_dos_-2_2.pdf>
Package pdftex.def Info: Te_and_Hg_termination/bulk+16_layers_no_dos_-2_2.pdf u
sed on input line 129.
(pdftex.def)             Requested size: 215.10094pt x 161.32497pt.

<Te_termination/no_H_bulk+5_layers_no_dos_-2_2.pdf, id=473, 642.4pt x 481.8pt>
File: Te_termination/no_H_bulk+5_layers_no_dos_-2_2.pdf Graphic file (type pdf)


<use Te_termination/no_H_bulk+5_layers_no_dos_-2_2.pdf>
Package pdftex.def Info: Te_termination/no_H_bulk+5_layers_no_dos_-2_2.pdf used
 on input line 140.
(pdftex.def)             Requested size: 215.10094pt x 161.32497pt.

<Te_termination/bulk+5_layers_no_dos_-2_2.pdf, id=474, 642.4pt x 481.8pt>
File: Te_termination/bulk+5_layers_no_dos_-2_2.pdf Graphic file (type pdf)

<use Te_termination/bulk+5_layers_no_dos_-2_2.pdf>
Package pdftex.def Info: Te_termination/bulk+5_layers_no_dos_-2_2.pdf used on i
nput line 146.
(pdftex.def)             Requested size: 215.10094pt x 161.32497pt.

<Te_termination/no_H_bulk+9_layers_no_dos_-2_2.pdf, id=475, 642.4pt x 481.8pt>
File: Te_termination/no_H_bulk+9_layers_no_dos_-2_2.pdf Graphic file (type pdf)


<use Te_termination/no_H_bulk+9_layers_no_dos_-2_2.pdf>
Package pdftex.def Info: Te_termination/no_H_bulk+9_layers_no_dos_-2_2.pdf used
 on input line 151.
(pdftex.def)             Requested size: 215.10094pt x 161.32497pt.

<Te_termination/bulk+9_layers_no_dos_-2_2.pdf, id=476, 642.4pt x 481.8pt>
File: Te_termination/bulk+9_layers_no_dos_-2_2.pdf Graphic file (type pdf)

<use Te_termination/bulk+9_layers_no_dos_-2_2.pdf>
Package pdftex.def Info: Te_termination/bulk+9_layers_no_dos_-2_2.pdf used on i
nput line 157.
(pdftex.def)             Requested size: 215.10094pt x 161.32497pt.

<Te_termination/no_H_bulk+17_layers_no_dos_-2_2.pdf, id=477, 642.4pt x 481.8pt>
File: Te_termination/no_H_bulk+17_layers_no_dos_-2_2.pdf Graphic file (type pdf
)
<use Te_termination/no_H_bulk+17_layers_no_dos_-2_2.pdf>
Package pdftex.def Info: Te_termination/no_H_bulk+17_layers_no_dos_-2_2.pdf use
d on input line 162.
(pdftex.def)             Requested size: 215.10094pt x 161.32497pt.

<Te_termination/bulk+17_layers_no_dos_-2_2.pdf, id=478, 642.4pt x 481.8pt>
File: Te_termination/bulk+17_layers_no_dos_-2_2.pdf Graphic file (type pdf)

<use Te_termination/bulk+17_layers_no_dos_-2_2.pdf>
Package pdftex.def Info: Te_termination/bulk+17_layers_no_dos_-2_2.pdf used on 
input line 168.
(pdftex.def)             Requested size: 215.10094pt x 161.32497pt.


LaTeX Warning: Float too large for page by 29.8749pt on input line 173.


<Hg_termination/no_H_bulk+5_layers_no_dos_-2_2.pdf, id=479, 642.4pt x 481.8pt>
File: Hg_termination/no_H_bulk+5_layers_no_dos_-2_2.pdf Graphic file (type pdf)


<use Hg_termination/no_H_bulk+5_layers_no_dos_-2_2.pdf>
Package pdftex.def Info: Hg_termination/no_H_bulk+5_layers_no_dos_-2_2.pdf used
 on input line 179.
(pdftex.def)             Requested size: 215.10094pt x 161.32497pt.

<Hg_termination/bulk+5_layers_no_dos_-2_2.pdf, id=480, 642.4pt x 481.8pt>
File: Hg_termination/bulk+5_layers_no_dos_-2_2.pdf Graphic file (type pdf)

<use Hg_termination/bulk+5_layers_no_dos_-2_2.pdf>
Package pdftex.def Info: Hg_termination/bulk+5_layers_no_dos_-2_2.pdf used on i
nput line 185.
(pdftex.def)             Requested size: 215.10094pt x 161.32497pt.

<Hg_termination/no_H_bulk+9_layers_no_dos_-2_2.pdf, id=481, 642.4pt x 481.8pt>
File: Hg_termination/no_H_bulk+9_layers_no_dos_-2_2.pdf Graphic file (type pdf)


<use Hg_termination/no_H_bulk+9_layers_no_dos_-2_2.pdf>
Package pdftex.def Info: Hg_termination/no_H_bulk+9_layers_no_dos_-2_2.pdf used
 on input line 190.
(pdftex.def)             Requested size: 215.10094pt x 161.32497pt.

<Hg_termination/bulk+9_layers_no_dos_-2_2.pdf, id=482, 642.4pt x 481.8pt>
File: Hg_termination/bulk+9_layers_no_dos_-2_2.pdf Graphic file (type pdf)

<use Hg_termination/bulk+9_layers_no_dos_-2_2.pdf>
Package pdftex.def Info: Hg_termination/bulk+9_layers_no_dos_-2_2.pdf used on i
nput line 196.
(pdftex.def)             Requested size: 215.10094pt x 161.32497pt.

<Hg_termination/no_H_bulk+17_layers_no_dos_-2_2.pdf, id=483, 642.4pt x 481.8pt>
File: Hg_termination/no_H_bulk+17_layers_no_dos_-2_2.pdf Graphic file (type pdf
)
<use Hg_termination/no_H_bulk+17_layers_no_dos_-2_2.pdf>
Package pdftex.def Info: Hg_termination/no_H_bulk+17_layers_no_dos_-2_2.pdf use
d on input line 201.
(pdftex.def)             Requested size: 215.10094pt x 161.32497pt.

<Hg_termination/bulk+17_layers_no_dos_-2_2.pdf, id=484, 642.4pt x 481.8pt>
File: Hg_termination/bulk+17_layers_no_dos_-2_2.pdf Graphic file (type pdf)

<use Hg_termination/bulk+17_layers_no_dos_-2_2.pdf>
Package pdftex.def Info: Hg_termination/bulk+17_layers_no_dos_-2_2.pdf used on 
input line 207.
(pdftex.def)             Requested size: 215.10094pt x 161.32497pt.
) [20] [21 <./andere_bilder/0_bulk_-12_10.pdf> <./andere_bilder/4_bulk_-12_10.p
df> <./andere_bilder/10_bulk_-12_10.pdf> <./andere_bilder/bulk_-12_10.pdf>] [22
 <./Te_and_Hg_termination/no_H_bulk+4_layers_no_dos_-2_2.pdf> <./Te_and_Hg_term
ination/bulk+4_layers_no_dos_-2_2.pdf> <./Te_and_Hg_termination/no_H_bulk+8_lay
ers_no_dos_-2_2.pdf> <./Te_and_Hg_termination/bulk+8_layers_no_dos_-2_2.pdf> <.
/Te_and_Hg_termination/no_H_bulk+16_layers_no_dos_-2_2.pdf> <./Te_and_Hg_termin
ation/bulk+16_layers_no_dos_-2_2.pdf>] [23 <./Te_termination/no_H_bulk+5_layers
_no_dos_-2_2.pdf> <./Te_termination/bulk+5_layers_no_dos_-2_2.pdf> <./Te_termin
ation/no_H_bulk+9_layers_no_dos_-2_2.pdf> <./Te_termination/bulk+9_layers_no_do
s_-2_2.pdf> <./Te_termination/no_H_bulk+17_layers_no_dos_-2_2.pdf> <./Te_termin
ation/bulk+17_layers_no_dos_-2_2.pdf>] [24 <./Hg_termination/no_H_bulk+5_layers
_no_dos_-2_2.pdf> <./Hg_termination/bulk+5_layers_no_dos_-2_2.pdf> <./Hg_termin
ation/no_H_bulk+9_layers_no_dos_-2_2.pdf> <./Hg_termination/bulk+9_layers_no_do
s_-2_2.pdf> <./Hg_termination/no_H_bulk+17_layers_no_dos_-2_2.pdf> <./Hg_termin
ation/bulk+17_layers_no_dos_-2_2.pdf>] (./Interpretation.tex

LaTeX Warning: Command \r invalid in math mode on input line 9.


LaTeX Warning: Command \r invalid in math mode on input line 9.


LaTeX Warning: Command \r invalid in math mode on input line 9.

[25]) [26] [27]
Package atveryend Info: Empty hook `BeforeClearDocument' on input line 143.
 [28]
Package atveryend Info: Empty hook `AfterLastShipout' on input line 143.
 (./main_BA2.0.aux)
Package atveryend Info: Executing hook `AtVeryEndDocument' on input line 143.
Package atveryend Info: Executing hook `AtEndAfterFileList' on input line 143.
Package rerunfilecheck Info: File `main_BA2.0.out' has not changed.
(rerunfilecheck)             Checksum: 557F54609CCB4FC02F3D3F4F45306FA4;1924.


LaTeX Warning: There were multiply-defined labels.

Package logreq Info: Writing requests to 'main_BA2.0.run.xml'.
\openout1 = `main_BA2.0.run.xml'.

Package atveryend Info: Empty hook `AtVeryVeryEnd' on input line 143.
 )
(\end occurred when \iftrue on line 6 was incomplete) 
Here is how much of TeX's memory you used:
 15214 strings out of 493029
 248553 string characters out of 6136233
 485494 words of memory out of 5000000
 18299 multiletter control sequences out of 15000+600000
 90256 words of font info for 74 fonts, out of 8000000 for 9000
 1141 hyphenation exceptions out of 8191
 51i,19n,56p,1234b,1540s stack positions out of 5000i,500n,10000p,200000b,80000s
{/usr/share/texmf/fonts/en
c/dvips/lm/lm-ec.enc}{/usr/share/texmf/fonts/enc/dvips/lm/lm-rm.enc}{/usr/share
/texmf/fonts/enc/dvips/lm/lm-mathit.enc}{/usr/share/texmf/fonts/enc/dvips/lm/lm
-mathex.enc}{/usr/share/texmf/fonts/enc/dvips/lm/lm-mathsy.enc}</usr/share/texl
ive/texmf-dist/fonts/type1/public/doublestroke/dsrom12.pfb></usr/share/texmf/fo
nts/type1/public/lm/lmbx10.pfb></usr/share/texmf/fonts/type1/public/lm/lmbx12.p
fb></usr/share/texmf/fonts/type1/public/lm/lmcsc10.pfb></usr/share/texmf/fonts/
type1/public/lm/lmex10.pfb></usr/share/texmf/fonts/type1/public/lm/lmmi10.pfb><
/usr/share/texmf/fonts/type1/public/lm/lmmi12.pfb></usr/share/texmf/fonts/type1
/public/lm/lmmi6.pfb></usr/share/texmf/fonts/type1/public/lm/lmmi8.pfb></usr/sh
are/texmf/fonts/type1/public/lm/lmmib10.pfb></usr/share/texmf/fonts/type1/publi
c/lm/lmr10.pfb></usr/share/texmf/fonts/type1/public/lm/lmr12.pfb></usr/share/te
xmf/fonts/type1/public/lm/lmr17.pfb></usr/share/texmf/fonts/type1/public/lm/lmr
6.pfb></usr/share/texmf/fonts/type1/public/lm/lmr8.pfb></usr/share/texmf/fonts/
type1/public/lm/lmri12.pfb></usr/share/texmf/fonts/type1/public/lm/lmssbx10.pfb
></usr/share/texmf/fonts/type1/public/lm/lmsy10.pfb></usr/share/texmf/fonts/typ
e1/public/lm/lmsy8.pfb></usr/share/texmf/fonts/type1/public/lm/lmtt12.pfb></usr
/share/texlive/texmf-dist/fonts/type1/public/amsfonts/symbols/msbm10.pfb>
Output written on main_BA2.0.pdf (31 pages, 11587238 bytes).
PDF statistics:
 998 PDF objects out of 1000 (max. 8388607)
 790 compressed objects within 8 object streams
 132 named destinations out of 1000 (max. 500000)
 396 words of extra memory for PDF output out of 10000 (max. 10000000)

